   Name     Mean      Std
1 Human 3.082090 1.157184
2  MCTS 2.261364 1.055847
3  SBBS 2.718750 1.220036
4  REMI 3.162500 1.247212

	Kruskal-Wallis rank sum test

data:  Value by Group
Kruskal-Wallis chi-squared = 32.715, df = 3, p-value = 3.699e-07


	Pairwise comparisons using Wilcoxon rank sum test with continuity correction 

data:  Value and Group 

     human   mcts    remi 
mcts 1.4e-06 -       -    
remi 0.620   1.2e-05 -    
sbbs 0.057   0.038   0.057

P value adjustment method: holm 

	Exact Wilcoxon-Mann-Whitney Test

data:  Value by factor(Group) (human, mcts)
Z = 5.1696, p-value = 1.415e-07
alternative hypothesis: true mu is not equal to 0


	Exact Wilcoxon-Mann-Whitney Test

data:  Value by factor(Group) (human, sbbs)
Z = 2.3035, p-value = 0.02103
alternative hypothesis: true mu is not equal to 0


	Exact Wilcoxon-Mann-Whitney Test

data:  Value by factor(Group) (human, remi)
Z = -0.49664, p-value = 0.6088
alternative hypothesis: true mu is not equal to 0


	Exact Wilcoxon-Mann-Whitney Test

data:  Value by factor(Group) (mcts, sbbs)
Z = -2.5909, p-value = 0.009353
alternative hypothesis: true mu is not equal to 0


	Exact Wilcoxon-Mann-Whitney Test

data:  Value by factor(Group) (mcts, remi)
Z = -4.7103, p-value = 1.591e-06
alternative hypothesis: true mu is not equal to 0


	Exact Wilcoxon-Mann-Whitney Test

data:  Value by factor(Group) (remi, sbbs)
Z = 2.347, p-value = 0.01901
alternative hypothesis: true mu is not equal to 0

