   Name     Mean       Std
1 Human 4.119403 0.7348446
2  MCTS 3.943182 0.7687906
3  SBBS 3.625000 1.0155854
4  REMI 3.681250 0.9606855

	Kruskal-Wallis rank sum test

data:  Value by Group
Kruskal-Wallis chi-squared = 38.976, df = 3, p-value = 1.756e-08


	Pairwise comparisons using Wilcoxon rank sum test with continuity correction 

data:  Value and Group 

     human   mcts  remi 
mcts 0.030   -     -    
remi 8.4e-06 0.030 -    
sbbs 4.8e-07 0.012 0.787

P value adjustment method: holm 

	Exact Wilcoxon-Mann-Whitney Test

data:  Value by factor(Group) (human, mcts)
Z = 2.4298, p-value = 0.015
alternative hypothesis: true mu is not equal to 0


	Exact Wilcoxon-Mann-Whitney Test

data:  Value by factor(Group) (human, sbbs)
Z = 5.366, p-value = 5.791e-08
alternative hypothesis: true mu is not equal to 0


	Exact Wilcoxon-Mann-Whitney Test

data:  Value by factor(Group) (human, remi)
Z = 4.7887, p-value = 1.35e-06
alternative hypothesis: true mu is not equal to 0


	Exact Wilcoxon-Mann-Whitney Test

data:  Value by factor(Group) (mcts, sbbs)
Z = 2.9563, p-value = 0.00304
alternative hypothesis: true mu is not equal to 0


	Exact Wilcoxon-Mann-Whitney Test

data:  Value by factor(Group) (mcts, remi)
Z = 2.5775, p-value = 0.0098
alternative hypothesis: true mu is not equal to 0


	Exact Wilcoxon-Mann-Whitney Test

data:  Value by factor(Group) (remi, sbbs)
Z = 0.27138, p-value = 0.7867
alternative hypothesis: true mu is not equal to 0

